<?xml version='1.0' encoding='UTF-8'?>
<dataset>
    <todo id="-1" title="cosa da fare 1"/>
    <todo id="-2" title="cosa da fare 2"/>
</dataset>